::1 - - [04/Oct/2021:17:29:49 +0000] "GET /api/getTasks HTTP/1.1" 200 283 "-" "PostmanRuntime/7.28.4"
::1 - - [04/Oct/2021:17:33:48 +0000] "GET /api/getTask/001 HTTP/1.1" 200 282 "-" "PostmanRuntime/7.28.4"
::1 - - [10/Nov/2021:16:01:41 +0000] "GET /api/getTasks HTTP/1.1" 500 17 "-" "App06-Todo-MySQL/1.0 (A00189239.App06-Todo-MySQL; build:1; iOS 15.0.0) Alamofire/5.4.4"
::1 - - [10/Nov/2021:16:16:17 +0000] "GET /api/getTasks HTTP/1.1" 500 56 "-" "App06-Todo-MySQL/1.0 (A00189239.App06-Todo-MySQL; build:1; iOS 15.0.0) Alamofire/5.4.4"
::1 - - [10/Nov/2021:16:17:36 +0000] "GET /api/getTasks HTTP/1.1" 500 56 "-" "PostmanRuntime/7.28.4"
::1 - - [10/Nov/2021:16:17:40 +0000] "GET /api/getTasks HTTP/1.1" 500 56 "-" "PostmanRuntime/7.28.4"
::1 - - [10/Nov/2021:16:17:57 +0000] "GET /api/getTasks HTTP/1.1" 500 56 "-" "PostmanRuntime/7.28.4"
::1 - - [10/Nov/2021:16:18:22 +0000] "GET /api/getTask/001 HTTP/1.1" 500 56 "-" "PostmanRuntime/7.28.4"
::1 - - [10/Nov/2021:16:19:44 +0000] "GET /api/getTasks HTTP/1.1" 500 17 "-" "PostmanRuntime/7.28.4"
::1 - - [10/Nov/2021:16:19:59 +0000] "GET /api/getTasks HTTP/1.1" 500 56 "-" "PostmanRuntime/7.28.4"
::1 - - [10/Nov/2021:16:21:03 +0000] "GET /api/getTasks HTTP/1.1" 500 17 "-" "PostmanRuntime/7.28.4"
::1 - - [10/Nov/2021:16:22:08 +0000] "GET /api/getTasks HTTP/1.1" 200 283 "-" "PostmanRuntime/7.28.4"
::1 - - [10/Nov/2021:16:23:08 +0000] "GET /api/getTasks HTTP/1.1" 200 283 "-" "App06-Todo-MySQL/1.0 (A00189239.App06-Todo-MySQL; build:1; iOS 15.0.0) Alamofire/5.4.4"
::1 - - [10/Nov/2021:16:24:58 +0000] "GET /api/getTasks HTTP/1.1" 304 - "-" "App06-Todo-MySQL/1.0 (A00189239.App06-Todo-MySQL; build:1; iOS 15.0.0) Alamofire/5.4.4"
::1 - - [10/Nov/2021:16:40:07 +0000] "GET /api/getTasks HTTP/1.1" 304 - "-" "App06-Todo-MySQL/1.0 (A00189239.App06-Todo-MySQL; build:1; iOS 15.0.0) Alamofire/5.4.4"
::1 - - [10/Nov/2021:16:40:55 +0000] "GET /api/getTasks HTTP/1.1" 304 - "-" "App06-Todo-MySQL/1.0 (A00189239.App06-Todo-MySQL; build:1; iOS 15.0.0) Alamofire/5.4.4"
::1 - - [10/Nov/2021:16:41:06 +0000] "GET /api/getTasks HTTP/1.1" 304 - "-" "App06-Todo-MySQL/1.0 (A00189239.App06-Todo-MySQL; build:1; iOS 15.0.0) Alamofire/5.4.4"
::1 - - [10/Nov/2021:16:52:33 +0000] "GET /api/getTasks HTTP/1.1" 304 - "-" "App06-Todo-MySQL/1.0 (A00189239.App06-Todo-MySQL; build:1; iOS 15.0.0) Alamofire/5.4.4"
::1 - - [10/Nov/2021:16:53:05 +0000] "GET /api/getTasks HTTP/1.1" 304 - "-" "App06-Todo-MySQL/1.0 (A00189239.App06-Todo-MySQL; build:1; iOS 15.0.0) Alamofire/5.4.4"
::1 - - [10/Nov/2021:16:58:01 +0000] "GET /api/getTasks HTTP/1.1" 304 - "-" "App06-Todo-MySQL/1.0 (A00189239.App06-Todo-MySQL; build:1; iOS 15.0.0) Alamofire/5.4.4"
::1 - - [10/Nov/2021:16:58:41 +0000] "GET /api/getTasks HTTP/1.1" 304 - "-" "App06-Todo-MySQL/1.0 (A00189239.App06-Todo-MySQL; build:1; iOS 15.0.0) Alamofire/5.4.4"
::1 - - [10/Nov/2021:17:06:16 +0000] "GET /api/getTasks HTTP/1.1" 304 - "-" "App06-Todo-MySQL/1.0 (A00189239.App06-Todo-MySQL; build:1; iOS 15.0.0) Alamofire/5.4.4"
::1 - - [10/Nov/2021:17:07:56 +0000] "GET /api/getTasks HTTP/1.1" 304 - "-" "App06-Todo-MySQL/1.0 (A00189239.App06-Todo-MySQL; build:1; iOS 15.0.0) Alamofire/5.4.4"
::1 - - [10/Nov/2021:17:08:58 +0000] "GET /api/getTasks HTTP/1.1" 304 - "-" "App06-Todo-MySQL/1.0 (A00189239.App06-Todo-MySQL; build:1; iOS 15.0.0) Alamofire/5.4.4"
::1 - - [10/Nov/2021:17:08:59 +0000] "POST /api/addTask HTTP/1.1" 200 32 "-" "App06-Todo-MySQL/1.0 (A00189239.App06-Todo-MySQL; build:1; iOS 15.0.0) Alamofire/5.4.4"
::1 - - [10/Nov/2021:17:11:53 +0000] "GET /api/getTasks HTTP/1.1" 304 - "-" "App06-Todo-MySQL/1.0 (A00189239.App06-Todo-MySQL; build:1; iOS 15.0.0) Alamofire/5.4.4"
::1 - - [10/Nov/2021:17:19:11 +0000] "GET /api/getTasks HTTP/1.1" 304 - "-" "App06-Todo-MySQL/1.0 (A00189239.App06-Todo-MySQL; build:1; iOS 15.0.0) Alamofire/5.4.4"
::1 - - [10/Nov/2021:17:19:13 +0000] "POST /api/addTask HTTP/1.1" 200 32 "-" "App06-Todo-MySQL/1.0 (A00189239.App06-Todo-MySQL; build:1; iOS 15.0.0) Alamofire/5.4.4"
::1 - - [10/Nov/2021:17:20:12 +0000] "GET /api/getTasks HTTP/1.1" 304 - "-" "App06-Todo-MySQL/1.0 (A00189239.App06-Todo-MySQL; build:1; iOS 15.0.0) Alamofire/5.4.4"
::1 - - [10/Nov/2021:17:21:52 +0000] "GET /api/getTasks HTTP/1.1" 304 - "-" "App06-Todo-MySQL/1.0 (A00189239.App06-Todo-MySQL; build:1; iOS 15.0.0) Alamofire/5.4.4"
::1 - - [10/Nov/2021:17:21:54 +0000] "POST /api/addTask HTTP/1.1" 200 32 "-" "App06-Todo-MySQL/1.0 (A00189239.App06-Todo-MySQL; build:1; iOS 15.0.0) Alamofire/5.4.4"
::1 - - [10/Nov/2021:17:23:48 +0000] "POST /api/addTask HTTP/1.1" 200 32 "-" "App06-Todo-MySQL/1.0 (A00189239.App06-Todo-MySQL; build:1; iOS 15.0.0) Alamofire/5.4.4"
::1 - - [11/Nov/2021:17:37:25 +0000] "GET /api/getTasks HTTP/1.1" 304 - "-" "App06-Todo-MySQL/1.0 (A00189239.App06-Todo-MySQL; build:1; iOS 15.0.0) Alamofire/5.4.4"
::1 - - [11/Nov/2021:17:37:34 +0000] "POST /api/addTask HTTP/1.1" 200 32 "-" "App06-Todo-MySQL/1.0 (A00189239.App06-Todo-MySQL; build:1; iOS 15.0.0) Alamofire/5.4.4"
::1 - - [11/Nov/2021:17:39:57 +0000] "GET /api/getTasks HTTP/1.1" 304 - "-" "App06-Todo-MySQL/1.0 (A00189239.App06-Todo-MySQL; build:1; iOS 15.0.0) Alamofire/5.4.4"
::1 - - [11/Nov/2021:17:40:20 +0000] "GET /api/getTasks HTTP/1.1" 304 - "-" "App06-Todo-MySQL/1.0 (A00189239.App06-Todo-MySQL; build:1; iOS 15.0.0) Alamofire/5.4.4"
::1 - - [11/Nov/2021:17:41:29 +0000] "GET /api/getTasks HTTP/1.1" 304 - "-" "App06-Todo-MySQL/1.0 (A00189239.App06-Todo-MySQL; build:1; iOS 15.0.0) Alamofire/5.4.4"
::1 - - [11/Nov/2021:17:42:37 +0000] "GET /api/getTasks HTTP/1.1" 304 - "-" "App06-Todo-MySQL/1.0 (A00189239.App06-Todo-MySQL; build:1; iOS 15.0.0) Alamofire/5.4.4"
::1 - - [11/Nov/2021:17:42:39 +0000] "POST /api/addTask HTTP/1.1" 200 32 "-" "App06-Todo-MySQL/1.0 (A00189239.App06-Todo-MySQL; build:1; iOS 15.0.0) Alamofire/5.4.4"
::1 - - [11/Nov/2021:17:58:30 +0000] "GET /api/getTasks HTTP/1.1" 200 278 "-" "App06-Todo-MySQL/1.0 (A00189239.App06-Todo-MySQL; build:1; iOS 15.0.0) Alamofire/5.4.4"
::1 - - [11/Nov/2021:18:00:08 +0000] "GET /api/getTasks HTTP/1.1" 200 241 "-" "App06-Todo-MySQL/1.0 (A00189239.App06-Todo-MySQL; build:1; iOS 15.0.0) Alamofire/5.4.4"
::1 - - [11/Nov/2021:18:00:33 +0000] "GET /api/getTasks HTTP/1.1" 304 - "-" "App06-Todo-MySQL/1.0 (A00189239.App06-Todo-MySQL; build:1; iOS 15.0.0) Alamofire/5.4.4"
::1 - - [11/Nov/2021:18:02:37 +0000] "GET /api/getTasks HTTP/1.1" 304 - "-" "App06-Todo-MySQL/1.0 (A00189239.App06-Todo-MySQL; build:1; iOS 15.0.0) Alamofire/5.4.4"
::1 - - [11/Nov/2021:18:11:19 +0000] "GET /api/getTasks HTTP/1.1" 304 - "-" "App06-Todo-MySQL/1.0 (A00189239.App06-Todo-MySQL; build:1; iOS 15.0.0) Alamofire/5.4.4"
::1 - - [11/Nov/2021:18:11:47 +0000] "GET /api/getTasks HTTP/1.1" 304 - "-" "App06-Todo-MySQL/1.0 (A00189239.App06-Todo-MySQL; build:1; iOS 15.0.0) Alamofire/5.4.4"
::1 - - [11/Nov/2021:18:11:56 +0000] "GET /api/getTasks HTTP/1.1" 304 - "-" "App06-Todo-MySQL/1.0 (A00189239.App06-Todo-MySQL; build:1; iOS 15.0.0) Alamofire/5.4.4"
::1 - - [11/Nov/2021:18:14:02 +0000] "GET /api/getTasks HTTP/1.1" 304 - "-" "App06-Todo-MySQL/1.0 (A00189239.App06-Todo-MySQL; build:1; iOS 15.0.0) Alamofire/5.4.4"
::1 - - [11/Nov/2021:18:14:35 +0000] "GET /api/getTasks HTTP/1.1" 304 - "-" "App06-Todo-MySQL/1.0 (A00189239.App06-Todo-MySQL; build:1; iOS 15.0.0) Alamofire/5.4.4"
::1 - - [11/Nov/2021:18:17:02 +0000] "GET /api/getTasks HTTP/1.1" 304 - "-" "App06-Todo-MySQL/1.0 (A00189239.App06-Todo-MySQL; build:1; iOS 15.0.0) Alamofire/5.4.4"
::1 - - [11/Nov/2021:18:17:46 +0000] "GET /api/getTasks HTTP/1.1" 304 - "-" "App06-Todo-MySQL/1.0 (A00189239.App06-Todo-MySQL; build:1; iOS 15.0.0) Alamofire/5.4.4"
::1 - - [11/Nov/2021:18:17:55 +0000] "GET /api/getTasks HTTP/1.1" 304 - "-" "App06-Todo-MySQL/1.0 (A00189239.App06-Todo-MySQL; build:1; iOS 15.0.0) Alamofire/5.4.4"
::1 - - [11/Nov/2021:18:18:08 +0000] "GET /api/getTasks HTTP/1.1" 304 - "-" "App06-Todo-MySQL/1.0 (A00189239.App06-Todo-MySQL; build:1; iOS 15.0.0) Alamofire/5.4.4"
::1 - - [11/Nov/2021:18:18:51 +0000] "GET /api/getTasks HTTP/1.1" 304 - "-" "App06-Todo-MySQL/1.0 (A00189239.App06-Todo-MySQL; build:1; iOS 15.0.0) Alamofire/5.4.4"
::1 - - [11/Nov/2021:18:19:04 +0000] "GET /api/getTasks HTTP/1.1" 304 - "-" "App06-Todo-MySQL/1.0 (A00189239.App06-Todo-MySQL; build:1; iOS 15.0.0) Alamofire/5.4.4"
::1 - - [11/Nov/2021:18:22:07 +0000] "GET /api/getTasks HTTP/1.1" 304 - "-" "App06-Todo-MySQL/1.0 (A00189239.App06-Todo-MySQL; build:1; iOS 15.0.0) Alamofire/5.4.4"
::1 - - [11/Nov/2021:18:24:12 +0000] "GET /api/getTasks HTTP/1.1" 304 - "-" "App06-Todo-MySQL/1.0 (A00189239.App06-Todo-MySQL; build:1; iOS 15.0.0) Alamofire/5.4.4"
::1 - - [11/Nov/2021:18:24:28 +0000] "GET /api/getTasks HTTP/1.1" 304 - "-" "App06-Todo-MySQL/1.0 (A00189239.App06-Todo-MySQL; build:1; iOS 15.0.0) Alamofire/5.4.4"
::1 - - [11/Nov/2021:18:24:42 +0000] "GET /api/getTasks HTTP/1.1" 304 - "-" "App06-Todo-MySQL/1.0 (A00189239.App06-Todo-MySQL; build:1; iOS 15.0.0) Alamofire/5.4.4"
::1 - - [11/Nov/2021:18:25:48 +0000] "GET /api/getTasks HTTP/1.1" 304 - "-" "App06-Todo-MySQL/1.0 (A00189239.App06-Todo-MySQL; build:1; iOS 15.0.0) Alamofire/5.4.4"
::1 - - [11/Nov/2021:18:26:27 +0000] "GET /api/getTasks HTTP/1.1" 304 - "-" "App06-Todo-MySQL/1.0 (A00189239.App06-Todo-MySQL; build:1; iOS 15.0.0) Alamofire/5.4.4"
::1 - - [11/Nov/2021:18:27:27 +0000] "GET /api/getTasks HTTP/1.1" 304 - "-" "App06-Todo-MySQL/1.0 (A00189239.App06-Todo-MySQL; build:1; iOS 15.0.0) Alamofire/5.4.4"
::1 - - [11/Nov/2021:18:27:43 +0000] "GET /api/getTasks HTTP/1.1" 304 - "-" "App06-Todo-MySQL/1.0 (A00189239.App06-Todo-MySQL; build:1; iOS 15.0.0) Alamofire/5.4.4"
::1 - - [11/Nov/2021:18:28:00 +0000] "GET /api/getTasks HTTP/1.1" 304 - "-" "App06-Todo-MySQL/1.0 (A00189239.App06-Todo-MySQL; build:1; iOS 15.0.0) Alamofire/5.4.4"
::1 - - [11/Nov/2021:18:28:21 +0000] "GET /api/getTasks HTTP/1.1" 304 - "-" "App06-Todo-MySQL/1.0 (A00189239.App06-Todo-MySQL; build:1; iOS 15.0.0) Alamofire/5.4.4"
::1 - - [11/Nov/2021:18:30:34 +0000] "GET /api/getTasks HTTP/1.1" 304 - "-" "App06-Todo-MySQL/1.0 (A00189239.App06-Todo-MySQL; build:1; iOS 15.0.0) Alamofire/5.4.4"
::1 - - [11/Nov/2021:18:30:49 +0000] "GET /api/getTasks HTTP/1.1" 304 - "-" "App06-Todo-MySQL/1.0 (A00189239.App06-Todo-MySQL; build:1; iOS 15.0.0) Alamofire/5.4.4"
::1 - - [11/Nov/2021:18:30:52 +0000] "POST /api/addTask HTTP/1.1" 200 32 "-" "App06-Todo-MySQL/1.0 (A00189239.App06-Todo-MySQL; build:1; iOS 15.0.0) Alamofire/5.4.4"
::1 - - [11/Nov/2021:18:32:10 +0000] "POST /api/addTask HTTP/1.1" 200 70 "-" "App06-Todo-MySQL/1.0 (A00189239.App06-Todo-MySQL; build:1; iOS 15.0.0) Alamofire/5.4.4"
::1 - - [11/Nov/2021:18:32:24 +0000] "GET /api/getTasks HTTP/1.1" 200 402 "-" "App06-Todo-MySQL/1.0 (A00189239.App06-Todo-MySQL; build:1; iOS 15.0.0) Alamofire/5.4.4"
::1 - - [11/Nov/2021:18:36:21 +0000] "GET /api/getTasks HTTP/1.1" 304 - "-" "App06-Todo-MySQL/1.0 (A00189239.App06-Todo-MySQL; build:1; iOS 15.0.0) Alamofire/5.4.4"
::1 - - [11/Nov/2021:18:36:23 +0000] "POST /api/addTask HTTP/1.1" 500 43 "-" "App06-Todo-MySQL/1.0 (A00189239.App06-Todo-MySQL; build:1; iOS 15.0.0) Alamofire/5.4.4"
::1 - - [11/Nov/2021:18:37:10 +0000] "GET /api/getTasks HTTP/1.1" 304 - "-" "App06-Todo-MySQL/1.0 (A00189239.App06-Todo-MySQL; build:1; iOS 15.0.0) Alamofire/5.4.4"
::1 - - [11/Nov/2021:18:37:12 +0000] "POST /api/addTask HTTP/1.1" 200 70 "-" "App06-Todo-MySQL/1.0 (A00189239.App06-Todo-MySQL; build:1; iOS 15.0.0) Alamofire/5.4.4"
::1 - - [11/Nov/2021:18:39:03 +0000] "GET /api/getTasks HTTP/1.1" 200 597 "-" "App06-Todo-MySQL/1.0 (A00189239.App06-Todo-MySQL; build:1; iOS 15.0.0) Alamofire/5.4.4"
::1 - - [11/Nov/2021:18:39:05 +0000] "POST /api/addTask HTTP/1.1" 200 70 "-" "App06-Todo-MySQL/1.0 (A00189239.App06-Todo-MySQL; build:1; iOS 15.0.0) Alamofire/5.4.4"
::1 - - [11/Nov/2021:18:39:24 +0000] "GET /api/getTasks HTTP/1.1" 200 792 "-" "App06-Todo-MySQL/1.0 (A00189239.App06-Todo-MySQL; build:1; iOS 15.0.0) Alamofire/5.4.4"
::1 - - [11/Nov/2021:18:39:26 +0000] "POST /api/addTask HTTP/1.1" 500 43 "-" "App06-Todo-MySQL/1.0 (A00189239.App06-Todo-MySQL; build:1; iOS 15.0.0) Alamofire/5.4.4"
::1 - - [11/Nov/2021:18:40:48 +0000] "GET /api/getTasks HTTP/1.1" 304 - "-" "App06-Todo-MySQL/1.0 (A00189239.App06-Todo-MySQL; build:1; iOS 15.0.0) Alamofire/5.4.4"
::1 - - [11/Nov/2021:18:40:50 +0000] "POST /api/addTask HTTP/1.1" 200 70 "-" "App06-Todo-MySQL/1.0 (A00189239.App06-Todo-MySQL; build:1; iOS 15.0.0) Alamofire/5.4.4"
::1 - - [11/Nov/2021:18:40:50 +0000] "GET /api/getTasks HTTP/1.1" 200 987 "-" "App06-Todo-MySQL/1.0 (A00189239.App06-Todo-MySQL; build:1; iOS 15.0.0) Alamofire/5.4.4"
::1 - - [11/Nov/2021:18:41:46 +0000] "GET /api/getTasks HTTP/1.1" 304 - "-" "App06-Todo-MySQL/1.0 (A00189239.App06-Todo-MySQL; build:1; iOS 15.0.0) Alamofire/5.4.4"
::1 - - [11/Nov/2021:18:42:39 +0000] "GET /api/getTasks HTTP/1.1" 304 - "-" "App06-Todo-MySQL/1.0 (A00189239.App06-Todo-MySQL; build:1; iOS 15.0.0) Alamofire/5.4.4"
::1 - - [11/Nov/2021:18:42:41 +0000] "POST /api/addTask HTTP/1.1" 200 70 "-" "App06-Todo-MySQL/1.0 (A00189239.App06-Todo-MySQL; build:1; iOS 15.0.0) Alamofire/5.4.4"
::1 - - [11/Nov/2021:18:42:41 +0000] "GET /api/getTasks HTTP/1.1" 200 1184 "-" "App06-Todo-MySQL/1.0 (A00189239.App06-Todo-MySQL; build:1; iOS 15.0.0) Alamofire/5.4.4"
::1 - - [11/Nov/2021:18:42:57 +0000] "GET /api/getTasks HTTP/1.1" 304 - "-" "App06-Todo-MySQL/1.0 (A00189239.App06-Todo-MySQL; build:1; iOS 15.0.0) Alamofire/5.4.4"
::1 - - [11/Nov/2021:18:42:59 +0000] "POST /api/addTask HTTP/1.1" 200 70 "-" "App06-Todo-MySQL/1.0 (A00189239.App06-Todo-MySQL; build:1; iOS 15.0.0) Alamofire/5.4.4"
::1 - - [11/Nov/2021:18:42:59 +0000] "GET /api/getTasks HTTP/1.1" 200 1379 "-" "App06-Todo-MySQL/1.0 (A00189239.App06-Todo-MySQL; build:1; iOS 15.0.0) Alamofire/5.4.4"
::1 - - [11/Nov/2021:18:43:13 +0000] "POST /api/addTask HTTP/1.1" 200 70 "-" "App06-Todo-MySQL/1.0 (A00189239.App06-Todo-MySQL; build:1; iOS 15.0.0) Alamofire/5.4.4"
::1 - - [11/Nov/2021:18:43:13 +0000] "GET /api/getTasks HTTP/1.1" 200 1574 "-" "App06-Todo-MySQL/1.0 (A00189239.App06-Todo-MySQL; build:1; iOS 15.0.0) Alamofire/5.4.4"
::1 - - [11/Nov/2021:18:54:38 +0000] "GET /api/getTasks HTTP/1.1" 304 - "-" "App06-Todo-MySQL/1.0 (A00189239.App06-Todo-MySQL; build:1; iOS 15.0.0) Alamofire/5.4.4"
::1 - - [11/Nov/2021:18:54:46 +0000] "POST /api/updateTask/001 HTTP/1.1" 404 158 "-" "App06-Todo-MySQL/1.0 (A00189239.App06-Todo-MySQL; build:1; iOS 15.0.0) Alamofire/5.4.4"
::1 - - [11/Nov/2021:18:56:04 +0000] "GET /api/getTasks HTTP/1.1" 304 - "-" "App06-Todo-MySQL/1.0 (A00189239.App06-Todo-MySQL; build:1; iOS 15.0.0) Alamofire/5.4.4"
::1 - - [11/Nov/2021:18:56:06 +0000] "GET /api/getTasks HTTP/1.1" 304 - "-" "App06-Todo-MySQL/1.0 (A00189239.App06-Todo-MySQL; build:1; iOS 15.0.0) Alamofire/5.4.4"
::1 - - [11/Nov/2021:18:56:12 +0000] "POST /api/updateTask/001 HTTP/1.1" 404 158 "-" "App06-Todo-MySQL/1.0 (A00189239.App06-Todo-MySQL; build:1; iOS 15.0.0) Alamofire/5.4.4"
::1 - - [11/Nov/2021:18:59:39 +0000] "GET /api/getTasks HTTP/1.1" 304 - "-" "App06-Todo-MySQL/1.0 (A00189239.App06-Todo-MySQL; build:1; iOS 15.0.0) Alamofire/5.4.4"
::1 - - [11/Nov/2021:18:59:44 +0000] "POST /api/updateTask/001 HTTP/1.1" 404 158 "-" "App06-Todo-MySQL/1.0 (A00189239.App06-Todo-MySQL; build:1; iOS 15.0.0) Alamofire/5.4.4"
::1 - - [11/Nov/2021:19:00:22 +0000] "POST /api/updateTask/001 HTTP/1.1" 404 158 "-" "App06-Todo-MySQL/1.0 (A00189239.App06-Todo-MySQL; build:1; iOS 15.0.0) Alamofire/5.4.4"
::1 - - [11/Nov/2021:19:00:39 +0000] "GET /api/getTasks HTTP/1.1" 304 - "-" "App06-Todo-MySQL/1.0 (A00189239.App06-Todo-MySQL; build:1; iOS 15.0.0) Alamofire/5.4.4"
::1 - - [11/Nov/2021:19:02:31 +0000] "GET /api/getTasks HTTP/1.1" 304 - "-" "App06-Todo-MySQL/1.0 (A00189239.App06-Todo-MySQL; build:1; iOS 15.0.0) Alamofire/5.4.4"
::1 - - [11/Nov/2021:19:02:36 +0000] "PUT /api/updateTask/001 HTTP/1.1" 200 32 "-" "App06-Todo-MySQL/1.0 (A00189239.App06-Todo-MySQL; build:1; iOS 15.0.0) Alamofire/5.4.4"
::1 - - [11/Nov/2021:19:03:02 +0000] "PUT /api/updateTask/001 HTTP/1.1" 200 32 "-" "App06-Todo-MySQL/1.0 (A00189239.App06-Todo-MySQL; build:1; iOS 15.0.0) Alamofire/5.4.4"
::1 - - [11/Nov/2021:19:03:09 +0000] "GET /api/getTasks HTTP/1.1" 304 - "-" "App06-Todo-MySQL/1.0 (A00189239.App06-Todo-MySQL; build:1; iOS 15.0.0) Alamofire/5.4.4"
::1 - - [11/Nov/2021:19:03:40 +0000] "PUT /api/updateTask/001 HTTP/1.1" 200 32 "-" "App06-Todo-MySQL/1.0 (A00189239.App06-Todo-MySQL; build:1; iOS 15.0.0) Alamofire/5.4.4"
::1 - - [11/Nov/2021:19:04:29 +0000] "PUT /api/updateTask/001 HTTP/1.1" 200 69 "-" "App06-Todo-MySQL/1.0 (A00189239.App06-Todo-MySQL; build:1; iOS 15.0.0) Alamofire/5.4.4"
::1 - - [11/Nov/2021:19:04:29 +0000] "GET /api/getTasks HTTP/1.1" 304 - "-" "App06-Todo-MySQL/1.0 (A00189239.App06-Todo-MySQL; build:1; iOS 15.0.0) Alamofire/5.4.4"
::1 - - [11/Nov/2021:19:04:49 +0000] "GET /api/getTasks HTTP/1.1" 304 - "-" "App06-Todo-MySQL/1.0 (A00189239.App06-Todo-MySQL; build:1; iOS 15.0.0) Alamofire/5.4.4"
::1 - - [11/Nov/2021:19:04:57 +0000] "PUT /api/updateTask/001 HTTP/1.1" 200 69 "-" "App06-Todo-MySQL/1.0 (A00189239.App06-Todo-MySQL; build:1; iOS 15.0.0) Alamofire/5.4.4"
::1 - - [11/Nov/2021:19:04:57 +0000] "GET /api/getTasks HTTP/1.1" 304 - "-" "App06-Todo-MySQL/1.0 (A00189239.App06-Todo-MySQL; build:1; iOS 15.0.0) Alamofire/5.4.4"
::1 - - [11/Nov/2021:19:06:18 +0000] "GET /api/getTasks HTTP/1.1" 304 - "-" "App06-Todo-MySQL/1.0 (A00189239.App06-Todo-MySQL; build:1; iOS 15.0.0) Alamofire/5.4.4"
::1 - - [11/Nov/2021:19:06:23 +0000] "PUT /api/updateTask/001 HTTP/1.1" 200 69 "-" "App06-Todo-MySQL/1.0 (A00189239.App06-Todo-MySQL; build:1; iOS 15.0.0) Alamofire/5.4.4"
::1 - - [11/Nov/2021:19:11:21 +0000] "GET /api/getTasks HTTP/1.1" 304 - "-" "App06-Todo-MySQL/1.0 (A00189239.App06-Todo-MySQL; build:1; iOS 15.0.0) Alamofire/5.4.4"
::1 - - [11/Nov/2021:19:11:25 +0000] "PUT /api/updateTask/001 HTTP/1.1" 200 69 "-" "App06-Todo-MySQL/1.0 (A00189239.App06-Todo-MySQL; build:1; iOS 15.0.0) Alamofire/5.4.4"
::1 - - [11/Nov/2021:19:11:25 +0000] "GET /api/getTasks HTTP/1.1" 304 - "-" "App06-Todo-MySQL/1.0 (A00189239.App06-Todo-MySQL; build:1; iOS 15.0.0) Alamofire/5.4.4"
::1 - - [11/Nov/2021:19:12:35 +0000] "PUT /api/updateTask/001 HTTP/1.1" 200 69 "-" "App06-Todo-MySQL/1.0 (A00189239.App06-Todo-MySQL; build:1; iOS 15.0.0) Alamofire/5.4.4"
::1 - - [11/Nov/2021:19:12:35 +0000] "GET /api/getTasks HTTP/1.1" 200 1572 "-" "App06-Todo-MySQL/1.0 (A00189239.App06-Todo-MySQL; build:1; iOS 15.0.0) Alamofire/5.4.4"
::1 - - [11/Nov/2021:19:21:09 +0000] "GET /api/getTasks HTTP/1.1" 304 - "-" "App06-Todo-MySQL/1.0 (A00189239.App06-Todo-MySQL; build:1; iOS 15.0.0) Alamofire/5.4.4"
::1 - - [11/Nov/2021:19:21:12 +0000] "DELETE /api/deleteTask/02 HTTP/1.1" 200 69 "-" "App06-Todo-MySQL/1.0 (A00189239.App06-Todo-MySQL; build:1; iOS 15.0.0) Alamofire/5.4.4"
::1 - - [11/Nov/2021:19:21:26 +0000] "GET /api/getTasks HTTP/1.1" 200 1411 "-" "App06-Todo-MySQL/1.0 (A00189239.App06-Todo-MySQL; build:1; iOS 15.0.0) Alamofire/5.4.4"
::1 - - [11/Nov/2021:19:21:33 +0000] "DELETE /api/deleteTask/93F1192B-F6D2-4A20-8097-A3696B0949B3 HTTP/1.1" 200 69 "-" "App06-Todo-MySQL/1.0 (A00189239.App06-Todo-MySQL; build:1; iOS 15.0.0) Alamofire/5.4.4"
::1 - - [11/Nov/2021:19:21:46 +0000] "DELETE /api/deleteTask/93F1192B-F6D2-4A20-8097-A3696B0949B3 HTTP/1.1" 200 69 "-" "App06-Todo-MySQL/1.0 (A00189239.App06-Todo-MySQL; build:1; iOS 15.0.0) Alamofire/5.4.4"
::1 - - [11/Nov/2021:19:28:49 +0000] "GET /api/getTasks HTTP/1.1" 200 1019 "-" "App06-Todo-MySQL/1.0 (A00189239.App06-Todo-MySQL; build:1; iOS 15.0.0) Alamofire/5.4.4"
::1 - - [11/Nov/2021:19:29:00 +0000] "DELETE /api/deleteTask/893ED706-72D9-4225-8646-C7491BB3C76F HTTP/1.1" 200 69 "-" "App06-Todo-MySQL/1.0 (A00189239.App06-Todo-MySQL; build:1; iOS 15.0.0) Alamofire/5.4.4"
::1 - - [11/Nov/2021:19:29:03 +0000] "GET /api/getTasks HTTP/1.1" 200 824 "-" "App06-Todo-MySQL/1.0 (A00189239.App06-Todo-MySQL; build:1; iOS 15.0.0) Alamofire/5.4.4"
::1 - - [11/Nov/2021:19:30:18 +0000] "GET /api/getTasks HTTP/1.1" 304 - "-" "App06-Todo-MySQL/1.0 (A00189239.App06-Todo-MySQL; build:1; iOS 15.0.0) Alamofire/5.4.4"
::1 - - [11/Nov/2021:19:30:34 +0000] "GET /api/getTasks HTTP/1.1" 304 - "-" "App06-Todo-MySQL/1.0 (A00189239.App06-Todo-MySQL; build:1; iOS 15.0.0) Alamofire/5.4.4"
::1 - - [11/Nov/2021:19:30:36 +0000] "DELETE /api/deleteTask/6512B1A4-D054-4530-A792-21099E72AA08 HTTP/1.1" 200 69 "-" "App06-Todo-MySQL/1.0 (A00189239.App06-Todo-MySQL; build:1; iOS 15.0.0) Alamofire/5.4.4"
::1 - - [11/Nov/2021:19:30:41 +0000] "GET /api/getTasks HTTP/1.1" 200 629 "-" "App06-Todo-MySQL/1.0 (A00189239.App06-Todo-MySQL; build:1; iOS 15.0.0) Alamofire/5.4.4"
::1 - - [11/Nov/2021:19:30:45 +0000] "DELETE /api/deleteTask/3AAF4BC4-6617-434B-9AC4-42AD941A8D53 HTTP/1.1" 200 69 "-" "App06-Todo-MySQL/1.0 (A00189239.App06-Todo-MySQL; build:1; iOS 15.0.0) Alamofire/5.4.4"
::1 - - [11/Nov/2021:19:30:48 +0000] "DELETE /api/deleteTask/34AC815B-4D7F-4C54-B58E-5EA52F52B089 HTTP/1.1" 200 69 "-" "App06-Todo-MySQL/1.0 (A00189239.App06-Todo-MySQL; build:1; iOS 15.0.0) Alamofire/5.4.4"
::1 - - [11/Nov/2021:19:30:51 +0000] "POST /api/addTask HTTP/1.1" 200 70 "-" "App06-Todo-MySQL/1.0 (A00189239.App06-Todo-MySQL; build:1; iOS 15.0.0) Alamofire/5.4.4"
::1 - - [11/Nov/2021:19:30:51 +0000] "GET /api/getTasks HTTP/1.1" 200 434 "-" "App06-Todo-MySQL/1.0 (A00189239.App06-Todo-MySQL; build:1; iOS 15.0.0) Alamofire/5.4.4"
::1 - - [11/Nov/2021:19:30:56 +0000] "DELETE /api/deleteTask/CCB1287E-8880-46E2-8AE1-B41D0080AEFC HTTP/1.1" 200 69 "-" "App06-Todo-MySQL/1.0 (A00189239.App06-Todo-MySQL; build:1; iOS 15.0.0) Alamofire/5.4.4"
::1 - - [11/Nov/2021:19:35:45 +0000] "GET /api/getTasks HTTP/1.1" 200 239 "-" "App06-Todo-MySQL/1.0 (A00189239.App06-Todo-MySQL; build:1; iOS 15.0.0) Alamofire/5.4.4"
::1 - - [11/Nov/2021:19:35:53 +0000] "POST /api/addTask HTTP/1.1" 200 70 "-" "App06-Todo-MySQL/1.0 (A00189239.App06-Todo-MySQL; build:1; iOS 15.0.0) Alamofire/5.4.4"
::1 - - [11/Nov/2021:19:35:53 +0000] "GET /api/getTasks HTTP/1.1" 200 431 "-" "App06-Todo-MySQL/1.0 (A00189239.App06-Todo-MySQL; build:1; iOS 15.0.0) Alamofire/5.4.4"
::1 - - [11/Nov/2021:19:35:53 +0000] "GET /api/getTasks HTTP/1.1" 304 - "-" "App06-Todo-MySQL/1.0 (A00189239.App06-Todo-MySQL; build:1; iOS 15.0.0) Alamofire/5.4.4"
::1 - - [11/Nov/2021:19:35:59 +0000] "GET /api/getTasks HTTP/1.1" 304 - "-" "App06-Todo-MySQL/1.0 (A00189239.App06-Todo-MySQL; build:1; iOS 15.0.0) Alamofire/5.4.4"
::1 - - [11/Nov/2021:19:37:07 +0000] "GET /api/getTasks HTTP/1.1" 304 - "-" "App06-Todo-MySQL/1.0 (A00189239.App06-Todo-MySQL; build:1; iOS 15.0.0) Alamofire/5.4.4"
::1 - - [11/Nov/2021:19:37:12 +0000] "POST /api/addTask HTTP/1.1" 200 70 "-" "App06-Todo-MySQL/1.0 (A00189239.App06-Todo-MySQL; build:1; iOS 15.0.0) Alamofire/5.4.4"
::1 - - [11/Nov/2021:19:37:12 +0000] "GET /api/getTasks HTTP/1.1" 200 619 "-" "App06-Todo-MySQL/1.0 (A00189239.App06-Todo-MySQL; build:1; iOS 15.0.0) Alamofire/5.4.4"
::1 - - [11/Nov/2021:19:37:23 +0000] "PUT /api/updateTask/5FC4F17C-FFEF-40B3-9F07-38EAB3F648C8 HTTP/1.1" 200 69 "-" "App06-Todo-MySQL/1.0 (A00189239.App06-Todo-MySQL; build:1; iOS 15.0.0) Alamofire/5.4.4"
::1 - - [11/Nov/2021:19:37:23 +0000] "GET /api/getTasks HTTP/1.1" 200 619 "-" "App06-Todo-MySQL/1.0 (A00189239.App06-Todo-MySQL; build:1; iOS 15.0.0) Alamofire/5.4.4"
::1 - - [11/Nov/2021:19:37:31 +0000] "DELETE /api/deleteTask/0097DD1B-7B84-4581-8612-197D0449C0D3 HTTP/1.1" 200 69 "-" "App06-Todo-MySQL/1.0 (A00189239.App06-Todo-MySQL; build:1; iOS 15.0.0) Alamofire/5.4.4"
